2021-09-30 23:37:44,744 INFO org.springframework.boot.StartupInfoLogger [main] Starting AssignmentsApplication on DESKTOP-1N97S6V with PID 16792 (D:\Working\sav-assignments\target\classes started by Phu Duong in D:\Working\sav-assignments)
2021-09-30 23:37:44,749 INFO org.springframework.boot.SpringApplication [main] No active profile set, falling back to default profiles: default
2021-09-30 23:37:46,082 INFO org.springframework.data.repository.config.RepositoryConfigurationDelegate [main] Bootstrapping Spring Data repositories in DEFAULT mode.
2021-09-30 23:37:46,168 INFO org.springframework.data.repository.config.RepositoryConfigurationDelegate [main] Finished Spring Data repository scanning in 76ms. Found 2 repository interfaces.
2021-09-30 23:37:46,678 INFO org.springframework.context.support.PostProcessorRegistrationDelegate$BeanPostProcessorChecker [main] Bean 'org.springframework.transaction.annotation.ProxyTransactionManagementConfiguration' of type [org.springframework.transaction.annotation.ProxyTransactionManagementConfiguration$$EnhancerBySpringCGLIB$$ebcaadbb] is not eligible for getting processed by all BeanPostProcessors (for example: not eligible for auto-proxying)
2021-09-30 23:37:46,976 INFO org.springframework.context.support.PostProcessorRegistrationDelegate$BeanPostProcessorChecker [main] Bean 'org.springframework.security.config.annotation.configuration.ObjectPostProcessorConfiguration' of type [org.springframework.security.config.annotation.configuration.ObjectPostProcessorConfiguration$$EnhancerBySpringCGLIB$$847875f5] is not eligible for getting processed by all BeanPostProcessors (for example: not eligible for auto-proxying)
2021-09-30 23:37:46,985 INFO org.springframework.context.support.PostProcessorRegistrationDelegate$BeanPostProcessorChecker [main] Bean 'objectPostProcessor' of type [org.springframework.security.config.annotation.configuration.AutowireBeanFactoryObjectPostProcessor] is not eligible for getting processed by all BeanPostProcessors (for example: not eligible for auto-proxying)
2021-09-30 23:37:46,988 INFO org.springframework.context.support.PostProcessorRegistrationDelegate$BeanPostProcessorChecker [main] Bean 'org.springframework.security.access.expression.method.DefaultMethodSecurityExpressionHandler@364080f9' of type [org.springframework.security.access.expression.method.DefaultMethodSecurityExpressionHandler] is not eligible for getting processed by all BeanPostProcessors (for example: not eligible for auto-proxying)
2021-09-30 23:37:46,992 INFO org.springframework.context.support.PostProcessorRegistrationDelegate$BeanPostProcessorChecker [main] Bean 'org.springframework.security.config.annotation.method.configuration.GlobalMethodSecurityConfiguration' of type [org.springframework.security.config.annotation.method.configuration.GlobalMethodSecurityConfiguration$$EnhancerBySpringCGLIB$$a94d18a7] is not eligible for getting processed by all BeanPostProcessors (for example: not eligible for auto-proxying)
2021-09-30 23:37:46,998 INFO org.springframework.context.support.PostProcessorRegistrationDelegate$BeanPostProcessorChecker [main] Bean 'methodSecurityMetadataSource' of type [org.springframework.security.access.method.DelegatingMethodSecurityMetadataSource] is not eligible for getting processed by all BeanPostProcessors (for example: not eligible for auto-proxying)
2021-09-30 23:37:47,606 INFO org.springframework.boot.web.embedded.tomcat.TomcatWebServer [main] Tomcat initialized with port(s): 8080 (http)
2021-09-30 23:37:47,661 INFO org.apache.juli.logging.DirectJDKLog [main] Starting service [Tomcat]
2021-09-30 23:37:47,662 INFO org.apache.juli.logging.DirectJDKLog [main] Starting Servlet engine: [Apache Tomcat/9.0.16]
2021-09-30 23:37:47,680 INFO org.apache.juli.logging.DirectJDKLog [main] The APR based Apache Tomcat Native library which allows optimal performance in production environments was not found on the java.library.path: [C:\Program Files\Java\jdk-11.0.2\bin;C:\WINDOWS\Sun\Java\bin;C:\WINDOWS\system32;C:\WINDOWS;C:\Program Files\JetBrains\IntelliJ IDEA 2019.1.4\jre64\\bin;C:\Program Files\JetBrains\IntelliJ IDEA 2019.1.4\jre64\\bin\server;C:\Program Files (x86)\Common Files\Oracle\Java\javapath;C:\WINDOWS\system32;C:\WINDOWS;C:\WINDOWS\System32\Wbem;C:\WINDOWS\System32\WindowsPowerShell\v1.0\;C:\WINDOWS\System32\OpenSSH\;C:\Program Files\Git\cmd;C:\ProgramData\chocolatey\bin;C:\Program Files\nodejs\;C:\Program Files\TortoiseSVN\bin;C:\gradle-6.3\bin;;C:\Program Files\Docker\Docker\resources\bin;C:\ProgramData\DockerDesktop\version-bin;C:\Users\Phu Duong\AppData\Local\Programs\Python\Python37-32\Scripts\;C:\Users\Phu Duong\AppData\Local\Programs\Python\Python37-32\;C:\Users\Phu Duong\AppData\Local\Microsoft\WindowsApps;C:\Users\Phu Duong\AppData\Local\Programs\Microsoft VS Code\bin;C:\Users\Phu Duong\AppData\Roaming\npm;C:\apache-maven-3.6.3\bin;C:\Program Files\Java\jdk-11.0.2\bin;;.]
2021-09-30 23:37:47,867 INFO org.apache.juli.logging.DirectJDKLog [main] Initializing Spring embedded WebApplicationContext
2021-09-30 23:37:47,868 INFO org.springframework.boot.web.servlet.context.ServletWebServerApplicationContext [main] Root WebApplicationContext: initialization completed in 3048 ms
2021-09-30 23:37:48,220 INFO com.zaxxer.hikari.HikariDataSource [main] HikariPool-1 - Starting...
2021-09-30 23:37:48,432 INFO com.zaxxer.hikari.HikariDataSource [main] HikariPool-1 - Start completed.
2021-09-30 23:37:48,518 INFO org.hibernate.jpa.internal.util.LogHelper [main] HHH000204: Processing PersistenceUnitInfo [
	name: default
	...]
2021-09-30 23:37:48,633 INFO org.hibernate.Version [main] HHH000412: Hibernate Core {5.3.7.Final}
2021-09-30 23:37:48,637 INFO org.hibernate.cfg.Environment [main] HHH000206: hibernate.properties not found
2021-09-30 23:37:48,867 INFO org.hibernate.annotations.common.reflection.java.JavaReflectionManager [main] HCANN000001: Hibernate Commons Annotations {5.0.4.Final}
2021-09-30 23:37:49,074 INFO org.hibernate.dialect.Dialect [main] HHH000400: Using dialect: org.hibernate.dialect.H2Dialect
2021-09-30 23:37:49,298 ERROR org.springframework.boot.web.embedded.tomcat.TomcatStarter [main] Error starting Tomcat context. Exception: org.springframework.beans.factory.UnsatisfiedDependencyException. Message: Error creating bean with name 'tokenRequestFilter': Unsatisfied dependency expressed through field 'userDetailService'; nested exception is org.springframework.beans.factory.UnsatisfiedDependencyException: Error creating bean with name 'userDetailServiceImpl': Unsatisfied dependency expressed through field 'userRepository'; nested exception is org.springframework.beans.factory.BeanCreationException: Error creating bean with name 'userRepository': Cannot create inner bean '(inner bean)#2a372da4' of type [org.springframework.orm.jpa.SharedEntityManagerCreator] while setting bean property 'entityManager'; nested exception is org.springframework.beans.factory.BeanCreationException: Error creating bean with name '(inner bean)#2a372da4': Cannot resolve reference to bean 'entityManagerFactory' while setting constructor argument; nested exception is org.springframework.beans.factory.BeanCreationException: Error creating bean with name 'entityManagerFactory' defined in class path resource [org/springframework/boot/autoconfigure/orm/jpa/HibernateJpaConfiguration.class]: Invocation of init method failed; nested exception is org.hibernate.AnnotationException: @OneToOne or @ManyToOne on com.sav.assignments.entity.Feed.user references an unknown entity: org.springframework.security.core.userdetails.User
2021-09-30 23:37:49,333 INFO org.apache.juli.logging.DirectJDKLog [main] Stopping service [Tomcat]
2021-09-30 23:37:49,337 WARN org.apache.juli.logging.DirectJDKLog [main] The web application [ROOT] appears to have started a thread named [HikariPool-1 housekeeper] but has failed to stop it. This is very likely to create a memory leak. Stack trace of thread:
 java.base@11.0.2/jdk.internal.misc.Unsafe.park(Native Method)
 java.base@11.0.2/java.util.concurrent.locks.LockSupport.parkNanos(LockSupport.java:234)
 java.base@11.0.2/java.util.concurrent.locks.AbstractQueuedSynchronizer$ConditionObject.awaitNanos(AbstractQueuedSynchronizer.java:2123)
 java.base@11.0.2/java.util.concurrent.ScheduledThreadPoolExecutor$DelayedWorkQueue.take(ScheduledThreadPoolExecutor.java:1182)
 java.base@11.0.2/java.util.concurrent.ScheduledThreadPoolExecutor$DelayedWorkQueue.take(ScheduledThreadPoolExecutor.java:899)
 java.base@11.0.2/java.util.concurrent.ThreadPoolExecutor.getTask(ThreadPoolExecutor.java:1054)
 java.base@11.0.2/java.util.concurrent.ThreadPoolExecutor.runWorker(ThreadPoolExecutor.java:1114)
 java.base@11.0.2/java.util.concurrent.ThreadPoolExecutor$Worker.run(ThreadPoolExecutor.java:628)
 java.base@11.0.2/java.lang.Thread.run(Thread.java:834)
2021-09-30 23:37:49,340 WARN org.apache.juli.logging.DirectJDKLog [main] The web application [ROOT] appears to have started a thread named [HikariPool-1 connection adder] but has failed to stop it. This is very likely to create a memory leak. Stack trace of thread:
 java.base@11.0.2/jdk.internal.misc.Unsafe.park(Native Method)
 java.base@11.0.2/java.util.concurrent.locks.LockSupport.parkNanos(LockSupport.java:234)
 java.base@11.0.2/java.util.concurrent.locks.AbstractQueuedSynchronizer$ConditionObject.awaitNanos(AbstractQueuedSynchronizer.java:2123)
 java.base@11.0.2/java.util.concurrent.LinkedBlockingQueue.poll(LinkedBlockingQueue.java:458)
 java.base@11.0.2/java.util.concurrent.ThreadPoolExecutor.getTask(ThreadPoolExecutor.java:1053)
 java.base@11.0.2/java.util.concurrent.ThreadPoolExecutor.runWorker(ThreadPoolExecutor.java:1114)
 java.base@11.0.2/java.util.concurrent.ThreadPoolExecutor$Worker.run(ThreadPoolExecutor.java:628)
 java.base@11.0.2/java.lang.Thread.run(Thread.java:834)
2021-09-30 23:37:49,344 WARN org.springframework.context.support.AbstractApplicationContext [main] Exception encountered during context initialization - cancelling refresh attempt: org.springframework.context.ApplicationContextException: Unable to start web server; nested exception is org.springframework.boot.web.server.WebServerException: Unable to start embedded Tomcat
2021-09-30 23:37:49,345 INFO com.zaxxer.hikari.HikariDataSource [main] HikariPool-1 - Shutdown initiated...
2021-09-30 23:37:49,350 INFO com.zaxxer.hikari.HikariDataSource [main] HikariPool-1 - Shutdown completed.
2021-09-30 23:37:49,363 INFO org.springframework.boot.autoconfigure.logging.ConditionEvaluationReportLoggingListener [main] 

Error starting ApplicationContext. To display the conditions report re-run your application with 'debug' enabled.
2021-09-30 23:37:49,371 ERROR org.springframework.boot.SpringApplication [main] Application run failed
org.springframework.context.ApplicationContextException: Unable to start web server; nested exception is org.springframework.boot.web.server.WebServerException: Unable to start embedded Tomcat
	at org.springframework.boot.web.servlet.context.ServletWebServerApplicationContext.onRefresh(ServletWebServerApplicationContext.java:157)
	at org.springframework.context.support.AbstractApplicationContext.refresh(AbstractApplicationContext.java:543)
	at org.springframework.boot.web.servlet.context.ServletWebServerApplicationContext.refresh(ServletWebServerApplicationContext.java:142)
	at org.springframework.boot.SpringApplication.refresh(SpringApplication.java:775)
	at org.springframework.boot.SpringApplication.refreshContext(SpringApplication.java:397)
	at org.springframework.boot.SpringApplication.run(SpringApplication.java:316)
	at org.springframework.boot.SpringApplication.run(SpringApplication.java:1260)
	at org.springframework.boot.SpringApplication.run(SpringApplication.java:1248)
	at com.sav.assignments.AssignmentsApplication.main(AssignmentsApplication.java:12)
	at java.base/jdk.internal.reflect.NativeMethodAccessorImpl.invoke0(Native Method)
	at java.base/jdk.internal.reflect.NativeMethodAccessorImpl.invoke(NativeMethodAccessorImpl.java:62)
	at java.base/jdk.internal.reflect.DelegatingMethodAccessorImpl.invoke(DelegatingMethodAccessorImpl.java:43)
	at java.base/java.lang.reflect.Method.invoke(Method.java:566)
	at org.springframework.boot.maven.AbstractRunMojo$LaunchRunner.run(AbstractRunMojo.java:558)
	at java.base/java.lang.Thread.run(Thread.java:834)
Caused by: org.springframework.boot.web.server.WebServerException: Unable to start embedded Tomcat
	at org.springframework.boot.web.embedded.tomcat.TomcatWebServer.initialize(TomcatWebServer.java:125)
	at org.springframework.boot.web.embedded.tomcat.TomcatWebServer.<init>(TomcatWebServer.java:86)
	at org.springframework.boot.web.embedded.tomcat.TomcatServletWebServerFactory.getTomcatWebServer(TomcatServletWebServerFactory.java:415)
	at org.springframework.boot.web.embedded.tomcat.TomcatServletWebServerFactory.getWebServer(TomcatServletWebServerFactory.java:174)
	at org.springframework.boot.web.servlet.context.ServletWebServerApplicationContext.createWebServer(ServletWebServerApplicationContext.java:181)
	at org.springframework.boot.web.servlet.context.ServletWebServerApplicationContext.onRefresh(ServletWebServerApplicationContext.java:154)
	... 14 common frames omitted
Caused by: org.springframework.beans.factory.UnsatisfiedDependencyException: Error creating bean with name 'tokenRequestFilter': Unsatisfied dependency expressed through field 'userDetailService'; nested exception is org.springframework.beans.factory.UnsatisfiedDependencyException: Error creating bean with name 'userDetailServiceImpl': Unsatisfied dependency expressed through field 'userRepository'; nested exception is org.springframework.beans.factory.BeanCreationException: Error creating bean with name 'userRepository': Cannot create inner bean '(inner bean)#2a372da4' of type [org.springframework.orm.jpa.SharedEntityManagerCreator] while setting bean property 'entityManager'; nested exception is org.springframework.beans.factory.BeanCreationException: Error creating bean with name '(inner bean)#2a372da4': Cannot resolve reference to bean 'entityManagerFactory' while setting constructor argument; nested exception is org.springframework.beans.factory.BeanCreationException: Error creating bean with name 'entityManagerFactory' defined in class path resource [org/springframework/boot/autoconfigure/orm/jpa/HibernateJpaConfiguration.class]: Invocation of init method failed; nested exception is org.hibernate.AnnotationException: @OneToOne or @ManyToOne on com.sav.assignments.entity.Feed.user references an unknown entity: org.springframework.security.core.userdetails.User
	at org.springframework.beans.factory.annotation.AutowiredAnnotationBeanPostProcessor$AutowiredFieldElement.inject(AutowiredAnnotationBeanPostProcessor.java:596)
	at org.springframework.beans.factory.annotation.InjectionMetadata.inject(InjectionMetadata.java:90)
	at org.springframework.beans.factory.annotation.AutowiredAnnotationBeanPostProcessor.postProcessProperties(AutowiredAnnotationBeanPostProcessor.java:374)
	at org.springframework.beans.factory.support.AbstractAutowireCapableBeanFactory.populateBean(AbstractAutowireCapableBeanFactory.java:1395)
	at org.springframework.beans.factory.support.AbstractAutowireCapableBeanFactory.doCreateBean(AbstractAutowireCapableBeanFactory.java:592)
	at org.springframework.beans.factory.support.AbstractAutowireCapableBeanFactory.createBean(AbstractAutowireCapableBeanFactory.java:515)
	at org.springframework.beans.factory.support.AbstractBeanFactory.lambda$doGetBean$0(AbstractBeanFactory.java:320)
	at org.springframework.beans.factory.support.DefaultSingletonBeanRegistry.getSingleton(DefaultSingletonBeanRegistry.java:222)
	at org.springframework.beans.factory.support.AbstractBeanFactory.doGetBean(AbstractBeanFactory.java:318)
	at org.springframework.beans.factory.support.AbstractBeanFactory.getBean(AbstractBeanFactory.java:204)
	at org.springframework.boot.web.servlet.ServletContextInitializerBeans.getOrderedBeansOfType(ServletContextInitializerBeans.java:235)
	at org.springframework.boot.web.servlet.ServletContextInitializerBeans.addAsRegistrationBean(ServletContextInitializerBeans.java:193)
	at org.springframework.boot.web.servlet.ServletContextInitializerBeans.addAsRegistrationBean(ServletContextInitializerBeans.java:188)
	at org.springframework.boot.web.servlet.ServletContextInitializerBeans.addAdaptableBeans(ServletContextInitializerBeans.java:170)
	at org.springframework.boot.web.servlet.ServletContextInitializerBeans.<init>(ServletContextInitializerBeans.java:89)
	at org.springframework.boot.web.servlet.context.ServletWebServerApplicationContext.getServletContextInitializerBeans(ServletWebServerApplicationContext.java:261)
	at org.springframework.boot.web.servlet.context.ServletWebServerApplicationContext.selfInitialize(ServletWebServerApplicationContext.java:234)
	at org.springframework.boot.web.embedded.tomcat.TomcatStarter.onStartup(TomcatStarter.java:54)
	at org.apache.catalina.core.StandardContext.startInternal(StandardContext.java:5125)
	at org.apache.catalina.util.LifecycleBase.start(LifecycleBase.java:183)
	at org.apache.catalina.core.ContainerBase$StartChild.call(ContainerBase.java:1377)
	at org.apache.catalina.core.ContainerBase$StartChild.call(ContainerBase.java:1367)
	at java.base/java.util.concurrent.FutureTask.run(FutureTask.java:264)
	at org.apache.tomcat.util.threads.InlineExecutorService.execute(InlineExecutorService.java:75)
	at java.base/java.util.concurrent.AbstractExecutorService.submit(AbstractExecutorService.java:140)
	at org.apache.catalina.core.ContainerBase.startInternal(ContainerBase.java:902)
	at org.apache.catalina.core.StandardHost.startInternal(StandardHost.java:831)
	at org.apache.catalina.util.LifecycleBase.start(LifecycleBase.java:183)
	at org.apache.catalina.core.ContainerBase$StartChild.call(ContainerBase.java:1377)
	at org.apache.catalina.core.ContainerBase$StartChild.call(ContainerBase.java:1367)
	at java.base/java.util.concurrent.FutureTask.run(FutureTask.java:264)
	at org.apache.tomcat.util.threads.InlineExecutorService.execute(InlineExecutorService.java:75)
	at java.base/java.util.concurrent.AbstractExecutorService.submit(AbstractExecutorService.java:140)
	at org.apache.catalina.core.ContainerBase.startInternal(ContainerBase.java:902)
	at org.apache.catalina.core.StandardEngine.startInternal(StandardEngine.java:262)
	at org.apache.catalina.util.LifecycleBase.start(LifecycleBase.java:183)
	at org.apache.catalina.core.StandardService.startInternal(StandardService.java:423)
	at org.apache.catalina.util.LifecycleBase.start(LifecycleBase.java:183)
	at org.apache.catalina.core.StandardServer.startInternal(StandardServer.java:928)
	at org.apache.catalina.util.LifecycleBase.start(LifecycleBase.java:183)
	at org.apache.catalina.startup.Tomcat.start(Tomcat.java:455)
	at org.springframework.boot.web.embedded.tomcat.TomcatWebServer.initialize(TomcatWebServer.java:106)
	... 19 common frames omitted
Caused by: org.springframework.beans.factory.UnsatisfiedDependencyException: Error creating bean with name 'userDetailServiceImpl': Unsatisfied dependency expressed through field 'userRepository'; nested exception is org.springframework.beans.factory.BeanCreationException: Error creating bean with name 'userRepository': Cannot create inner bean '(inner bean)#2a372da4' of type [org.springframework.orm.jpa.SharedEntityManagerCreator] while setting bean property 'entityManager'; nested exception is org.springframework.beans.factory.BeanCreationException: Error creating bean with name '(inner bean)#2a372da4': Cannot resolve reference to bean 'entityManagerFactory' while setting constructor argument; nested exception is org.springframework.beans.factory.BeanCreationException: Error creating bean with name 'entityManagerFactory' defined in class path resource [org/springframework/boot/autoconfigure/orm/jpa/HibernateJpaConfiguration.class]: Invocation of init method failed; nested exception is org.hibernate.AnnotationException: @OneToOne or @ManyToOne on com.sav.assignments.entity.Feed.user references an unknown entity: org.springframework.security.core.userdetails.User
	at org.springframework.beans.factory.annotation.AutowiredAnnotationBeanPostProcessor$AutowiredFieldElement.inject(AutowiredAnnotationBeanPostProcessor.java:596)
	at org.springframework.beans.factory.annotation.InjectionMetadata.inject(InjectionMetadata.java:90)
	at org.springframework.beans.factory.annotation.AutowiredAnnotationBeanPostProcessor.postProcessProperties(AutowiredAnnotationBeanPostProcessor.java:374)
	at org.springframework.beans.factory.support.AbstractAutowireCapableBeanFactory.populateBean(AbstractAutowireCapableBeanFactory.java:1395)
	at org.springframework.beans.factory.support.AbstractAutowireCapableBeanFactory.doCreateBean(AbstractAutowireCapableBeanFactory.java:592)
	at org.springframework.beans.factory.support.AbstractAutowireCapableBeanFactory.createBean(AbstractAutowireCapableBeanFactory.java:515)
	at org.springframework.beans.factory.support.AbstractBeanFactory.lambda$doGetBean$0(AbstractBeanFactory.java:320)
	at org.springframework.beans.factory.support.DefaultSingletonBeanRegistry.getSingleton(DefaultSingletonBeanRegistry.java:222)
	at org.springframework.beans.factory.support.AbstractBeanFactory.doGetBean(AbstractBeanFactory.java:318)
	at org.springframework.beans.factory.support.AbstractBeanFactory.getBean(AbstractBeanFactory.java:199)
	at org.springframework.beans.factory.config.DependencyDescriptor.resolveCandidate(DependencyDescriptor.java:277)
	at org.springframework.beans.factory.support.DefaultListableBeanFactory.doResolveDependency(DefaultListableBeanFactory.java:1247)
	at org.springframework.beans.factory.support.DefaultListableBeanFactory.resolveDependency(DefaultListableBeanFactory.java:1167)
	at org.springframework.beans.factory.annotation.AutowiredAnnotationBeanPostProcessor$AutowiredFieldElement.inject(AutowiredAnnotationBeanPostProcessor.java:593)
	... 60 common frames omitted
Caused by: org.springframework.beans.factory.BeanCreationException: Error creating bean with name 'userRepository': Cannot create inner bean '(inner bean)#2a372da4' of type [org.springframework.orm.jpa.SharedEntityManagerCreator] while setting bean property 'entityManager'; nested exception is org.springframework.beans.factory.BeanCreationException: Error creating bean with name '(inner bean)#2a372da4': Cannot resolve reference to bean 'entityManagerFactory' while setting constructor argument; nested exception is org.springframework.beans.factory.BeanCreationException: Error creating bean with name 'entityManagerFactory' defined in class path resource [org/springframework/boot/autoconfigure/orm/jpa/HibernateJpaConfiguration.class]: Invocation of init method failed; nested exception is org.hibernate.AnnotationException: @OneToOne or @ManyToOne on com.sav.assignments.entity.Feed.user references an unknown entity: org.springframework.security.core.userdetails.User
	at org.springframework.beans.factory.support.BeanDefinitionValueResolver.resolveInnerBean(BeanDefinitionValueResolver.java:327)
	at org.springframework.beans.factory.support.BeanDefinitionValueResolver.resolveValueIfNecessary(BeanDefinitionValueResolver.java:131)
	at org.springframework.beans.factory.support.AbstractAutowireCapableBeanFactory.applyPropertyValues(AbstractAutowireCapableBeanFactory.java:1665)
	at org.springframework.beans.factory.support.AbstractAutowireCapableBeanFactory.populateBean(AbstractAutowireCapableBeanFactory.java:1417)
	at org.springframework.beans.factory.support.AbstractAutowireCapableBeanFactory.doCreateBean(AbstractAutowireCapableBeanFactory.java:592)
	at org.springframework.beans.factory.support.AbstractAutowireCapableBeanFactory.createBean(AbstractAutowireCapableBeanFactory.java:515)
	at org.springframework.beans.factory.support.AbstractBeanFactory.lambda$doGetBean$0(AbstractBeanFactory.java:320)
	at org.springframework.beans.factory.support.DefaultSingletonBeanRegistry.getSingleton(DefaultSingletonBeanRegistry.java:222)
	at org.springframework.beans.factory.support.AbstractBeanFactory.doGetBean(AbstractBeanFactory.java:318)
	at org.springframework.beans.factory.support.AbstractBeanFactory.getBean(AbstractBeanFactory.java:199)
	at org.springframework.beans.factory.config.DependencyDescriptor.resolveCandidate(DependencyDescriptor.java:277)
	at org.springframework.beans.factory.support.DefaultListableBeanFactory.doResolveDependency(DefaultListableBeanFactory.java:1247)
	at org.springframework.beans.factory.support.DefaultListableBeanFactory.resolveDependency(DefaultListableBeanFactory.java:1167)
	at org.springframework.beans.factory.annotation.AutowiredAnnotationBeanPostProcessor$AutowiredFieldElement.inject(AutowiredAnnotationBeanPostProcessor.java:593)
	... 73 common frames omitted
Caused by: org.springframework.beans.factory.BeanCreationException: Error creating bean with name '(inner bean)#2a372da4': Cannot resolve reference to bean 'entityManagerFactory' while setting constructor argument; nested exception is org.springframework.beans.factory.BeanCreationException: Error creating bean with name 'entityManagerFactory' defined in class path resource [org/springframework/boot/autoconfigure/orm/jpa/HibernateJpaConfiguration.class]: Invocation of init method failed; nested exception is org.hibernate.AnnotationException: @OneToOne or @ManyToOne on com.sav.assignments.entity.Feed.user references an unknown entity: org.springframework.security.core.userdetails.User
	at org.springframework.beans.factory.support.BeanDefinitionValueResolver.resolveReference(BeanDefinitionValueResolver.java:378)
	at org.springframework.beans.factory.support.BeanDefinitionValueResolver.resolveValueIfNecessary(BeanDefinitionValueResolver.java:110)
	at org.springframework.beans.factory.support.ConstructorResolver.resolveConstructorArguments(ConstructorResolver.java:662)
	at org.springframework.beans.factory.support.ConstructorResolver.instantiateUsingFactoryMethod(ConstructorResolver.java:479)
	at org.springframework.beans.factory.support.AbstractAutowireCapableBeanFactory.instantiateUsingFactoryMethod(AbstractAutowireCapableBeanFactory.java:1305)
	at org.springframework.beans.factory.support.AbstractAutowireCapableBeanFactory.createBeanInstance(AbstractAutowireCapableBeanFactory.java:1144)
	at org.springframework.beans.factory.support.AbstractAutowireCapableBeanFactory.doCreateBean(AbstractAutowireCapableBeanFactory.java:555)
	at org.springframework.beans.factory.support.AbstractAutowireCapableBeanFactory.createBean(AbstractAutowireCapableBeanFactory.java:515)
	at org.springframework.beans.factory.support.BeanDefinitionValueResolver.resolveInnerBean(BeanDefinitionValueResolver.java:312)
	... 86 common frames omitted
Caused by: org.springframework.beans.factory.BeanCreationException: Error creating bean with name 'entityManagerFactory' defined in class path resource [org/springframework/boot/autoconfigure/orm/jpa/HibernateJpaConfiguration.class]: Invocation of init method failed; nested exception is org.hibernate.AnnotationException: @OneToOne or @ManyToOne on com.sav.assignments.entity.Feed.user references an unknown entity: org.springframework.security.core.userdetails.User
	at org.springframework.beans.factory.support.AbstractAutowireCapableBeanFactory.initializeBean(AbstractAutowireCapableBeanFactory.java:1762)
	at org.springframework.beans.factory.support.AbstractAutowireCapableBeanFactory.doCreateBean(AbstractAutowireCapableBeanFactory.java:593)
	at org.springframework.beans.factory.support.AbstractAutowireCapableBeanFactory.createBean(AbstractAutowireCapableBeanFactory.java:515)
	at org.springframework.beans.factory.support.AbstractBeanFactory.lambda$doGetBean$0(AbstractBeanFactory.java:320)
	at org.springframework.beans.factory.support.DefaultSingletonBeanRegistry.getSingleton(DefaultSingletonBeanRegistry.java:222)
	at org.springframework.beans.factory.support.AbstractBeanFactory.doGetBean(AbstractBeanFactory.java:318)
	at org.springframework.beans.factory.support.AbstractBeanFactory.getBean(AbstractBeanFactory.java:199)
	at org.springframework.beans.factory.support.BeanDefinitionValueResolver.resolveReference(BeanDefinitionValueResolver.java:367)
	... 94 common frames omitted
Caused by: org.hibernate.AnnotationException: @OneToOne or @ManyToOne on com.sav.assignments.entity.Feed.user references an unknown entity: org.springframework.security.core.userdetails.User
	at org.hibernate.cfg.ToOneFkSecondPass.doSecondPass(ToOneFkSecondPass.java:97)
	at org.hibernate.boot.internal.InFlightMetadataCollectorImpl.processEndOfQueue(InFlightMetadataCollectorImpl.java:1827)
	at org.hibernate.boot.internal.InFlightMetadataCollectorImpl.processFkSecondPassesInOrder(InFlightMetadataCollectorImpl.java:1771)
	at org.hibernate.boot.internal.InFlightMetadataCollectorImpl.processSecondPasses(InFlightMetadataCollectorImpl.java:1658)
	at org.hibernate.boot.model.process.spi.MetadataBuildingProcess.complete(MetadataBuildingProcess.java:287)
	at org.hibernate.jpa.boot.internal.EntityManagerFactoryBuilderImpl.metadata(EntityManagerFactoryBuilderImpl.java:904)
	at org.hibernate.jpa.boot.internal.EntityManagerFactoryBuilderImpl.build(EntityManagerFactoryBuilderImpl.java:935)
	at org.springframework.orm.jpa.vendor.SpringHibernateJpaPersistenceProvider.createContainerEntityManagerFactory(SpringHibernateJpaPersistenceProvider.java:57)
	at org.springframework.orm.jpa.LocalContainerEntityManagerFactoryBean.createNativeEntityManagerFactory(LocalContainerEntityManagerFactoryBean.java:365)
	at org.springframework.orm.jpa.AbstractEntityManagerFactoryBean.buildNativeEntityManagerFactory(AbstractEntityManagerFactoryBean.java:390)
	at org.springframework.orm.jpa.AbstractEntityManagerFactoryBean.afterPropertiesSet(AbstractEntityManagerFactoryBean.java:377)
	at org.springframework.orm.jpa.LocalContainerEntityManagerFactoryBean.afterPropertiesSet(LocalContainerEntityManagerFactoryBean.java:341)
	at org.springframework.beans.factory.support.AbstractAutowireCapableBeanFactory.invokeInitMethods(AbstractAutowireCapableBeanFactory.java:1821)
	at org.springframework.beans.factory.support.AbstractAutowireCapableBeanFactory.initializeBean(AbstractAutowireCapableBeanFactory.java:1758)
	... 101 common frames omitted
2021-09-30 23:39:42,205 INFO org.springframework.boot.StartupInfoLogger [main] Starting AssignmentsApplication on DESKTOP-1N97S6V with PID 5632 (D:\Working\sav-assignments\target\classes started by Phu Duong in D:\Working\sav-assignments)
2021-09-30 23:39:42,211 INFO org.springframework.boot.SpringApplication [main] No active profile set, falling back to default profiles: default
2021-09-30 23:39:43,638 INFO org.springframework.data.repository.config.RepositoryConfigurationDelegate [main] Bootstrapping Spring Data repositories in DEFAULT mode.
2021-09-30 23:39:43,710 INFO org.springframework.data.repository.config.RepositoryConfigurationDelegate [main] Finished Spring Data repository scanning in 64ms. Found 1 repository interfaces.
2021-09-30 23:39:44,289 INFO org.springframework.context.support.PostProcessorRegistrationDelegate$BeanPostProcessorChecker [main] Bean 'org.springframework.transaction.annotation.ProxyTransactionManagementConfiguration' of type [org.springframework.transaction.annotation.ProxyTransactionManagementConfiguration$$EnhancerBySpringCGLIB$$c0bfffca] is not eligible for getting processed by all BeanPostProcessors (for example: not eligible for auto-proxying)
2021-09-30 23:39:44,336 INFO org.springframework.context.support.PostProcessorRegistrationDelegate$BeanPostProcessorChecker [main] Bean 'org.springframework.security.config.annotation.configuration.ObjectPostProcessorConfiguration' of type [org.springframework.security.config.annotation.configuration.ObjectPostProcessorConfiguration$$EnhancerBySpringCGLIB$$596dc804] is not eligible for getting processed by all BeanPostProcessors (for example: not eligible for auto-proxying)
2021-09-30 23:39:44,345 INFO org.springframework.context.support.PostProcessorRegistrationDelegate$BeanPostProcessorChecker [main] Bean 'objectPostProcessor' of type [org.springframework.security.config.annotation.configuration.AutowireBeanFactoryObjectPostProcessor] is not eligible for getting processed by all BeanPostProcessors (for example: not eligible for auto-proxying)
2021-09-30 23:39:44,348 INFO org.springframework.context.support.PostProcessorRegistrationDelegate$BeanPostProcessorChecker [main] Bean 'org.springframework.security.access.expression.method.DefaultMethodSecurityExpressionHandler@3d6ef176' of type [org.springframework.security.access.expression.method.DefaultMethodSecurityExpressionHandler] is not eligible for getting processed by all BeanPostProcessors (for example: not eligible for auto-proxying)
2021-09-30 23:39:44,350 INFO org.springframework.context.support.PostProcessorRegistrationDelegate$BeanPostProcessorChecker [main] Bean 'org.springframework.security.config.annotation.method.configuration.GlobalMethodSecurityConfiguration' of type [org.springframework.security.config.annotation.method.configuration.GlobalMethodSecurityConfiguration$$EnhancerBySpringCGLIB$$7e426ab6] is not eligible for getting processed by all BeanPostProcessors (for example: not eligible for auto-proxying)
2021-09-30 23:39:44,358 INFO org.springframework.context.support.PostProcessorRegistrationDelegate$BeanPostProcessorChecker [main] Bean 'methodSecurityMetadataSource' of type [org.springframework.security.access.method.DelegatingMethodSecurityMetadataSource] is not eligible for getting processed by all BeanPostProcessors (for example: not eligible for auto-proxying)
2021-09-30 23:39:44,837 INFO org.springframework.boot.web.embedded.tomcat.TomcatWebServer [main] Tomcat initialized with port(s): 8080 (http)
2021-09-30 23:39:44,869 INFO org.apache.juli.logging.DirectJDKLog [main] Starting service [Tomcat]
2021-09-30 23:39:44,870 INFO org.apache.juli.logging.DirectJDKLog [main] Starting Servlet engine: [Apache Tomcat/9.0.16]
2021-09-30 23:39:44,885 INFO org.apache.juli.logging.DirectJDKLog [main] The APR based Apache Tomcat Native library which allows optimal performance in production environments was not found on the java.library.path: [C:\Program Files\Java\jdk-11.0.2\bin;C:\WINDOWS\Sun\Java\bin;C:\WINDOWS\system32;C:\WINDOWS;C:\Program Files\JetBrains\IntelliJ IDEA 2019.1.4\jre64\\bin;C:\Program Files\JetBrains\IntelliJ IDEA 2019.1.4\jre64\\bin\server;C:\Program Files (x86)\Common Files\Oracle\Java\javapath;C:\WINDOWS\system32;C:\WINDOWS;C:\WINDOWS\System32\Wbem;C:\WINDOWS\System32\WindowsPowerShell\v1.0\;C:\WINDOWS\System32\OpenSSH\;C:\Program Files\Git\cmd;C:\ProgramData\chocolatey\bin;C:\Program Files\nodejs\;C:\Program Files\TortoiseSVN\bin;C:\gradle-6.3\bin;;C:\Program Files\Docker\Docker\resources\bin;C:\ProgramData\DockerDesktop\version-bin;C:\Users\Phu Duong\AppData\Local\Programs\Python\Python37-32\Scripts\;C:\Users\Phu Duong\AppData\Local\Programs\Python\Python37-32\;C:\Users\Phu Duong\AppData\Local\Microsoft\WindowsApps;C:\Users\Phu Duong\AppData\Local\Programs\Microsoft VS Code\bin;C:\Users\Phu Duong\AppData\Roaming\npm;C:\apache-maven-3.6.3\bin;C:\Program Files\Java\jdk-11.0.2\bin;;.]
2021-09-30 23:39:45,021 INFO org.apache.juli.logging.DirectJDKLog [main] Initializing Spring embedded WebApplicationContext
2021-09-30 23:39:45,021 INFO org.springframework.boot.web.servlet.context.ServletWebServerApplicationContext [main] Root WebApplicationContext: initialization completed in 2735 ms
2021-09-30 23:39:45,281 INFO com.zaxxer.hikari.HikariDataSource [main] HikariPool-1 - Starting...
2021-09-30 23:39:45,453 INFO com.zaxxer.hikari.HikariDataSource [main] HikariPool-1 - Start completed.
2021-09-30 23:39:45,529 INFO org.hibernate.jpa.internal.util.LogHelper [main] HHH000204: Processing PersistenceUnitInfo [
	name: default
	...]
2021-09-30 23:39:45,618 INFO org.hibernate.Version [main] HHH000412: Hibernate Core {5.3.7.Final}
2021-09-30 23:39:45,621 INFO org.hibernate.cfg.Environment [main] HHH000206: hibernate.properties not found
2021-09-30 23:39:45,792 INFO org.hibernate.annotations.common.reflection.java.JavaReflectionManager [main] HCANN000001: Hibernate Commons Annotations {5.0.4.Final}
2021-09-30 23:39:45,963 INFO org.hibernate.dialect.Dialect [main] HHH000400: Using dialect: org.hibernate.dialect.H2Dialect
2021-09-30 23:39:46,851 INFO org.hibernate.tool.schema.internal.SchemaCreatorImpl [main] HHH000476: Executing import script 'org.hibernate.tool.schema.internal.exec.ScriptSourceInputNonExistentImpl@3aabf35f'
2021-09-30 23:39:46,856 INFO org.springframework.orm.jpa.AbstractEntityManagerFactoryBean [main] Initialized JPA EntityManagerFactory for persistence unit 'default'
2021-09-30 23:39:47,815 WARN org.springframework.boot.autoconfigure.orm.jpa.JpaBaseConfiguration$JpaWebConfiguration$JpaWebMvcConfiguration [main] spring.jpa.open-in-view is enabled by default. Therefore, database queries may be performed during view rendering. Explicitly configure spring.jpa.open-in-view to disable this warning
2021-09-30 23:39:48,160 INFO org.springframework.security.web.DefaultSecurityFilterChain [main] Creating filter chain: any request, [org.springframework.security.web.context.request.async.WebAsyncManagerIntegrationFilter@185db6bd, org.springframework.security.web.context.SecurityContextPersistenceFilter@3d554ef8, org.springframework.security.web.header.HeaderWriterFilter@5795ed60, org.springframework.security.web.authentication.logout.LogoutFilter@2a6b54a4, com.sav.assignments.security.TokenRequestFilter@13dd8af0, org.springframework.security.web.savedrequest.RequestCacheAwareFilter@8e31a61, org.springframework.security.web.servletapi.SecurityContextHolderAwareRequestFilter@2f765097, org.springframework.security.web.authentication.AnonymousAuthenticationFilter@5b150340, org.springframework.security.web.session.SessionManagementFilter@224e2d5a, org.springframework.security.web.access.ExceptionTranslationFilter@348d0aae, org.springframework.security.web.access.intercept.FilterSecurityInterceptor@593cdf4e]
2021-09-30 23:39:48,201 INFO springfox.documentation.spring.web.PropertySourcedRequestMappingHandlerMapping [main] Mapped URL path [/v2/api-docs] onto method [public org.springframework.http.ResponseEntity<springfox.documentation.spring.web.json.Json> springfox.documentation.swagger2.web.Swagger2Controller.getDocumentation(java.lang.String,javax.servlet.http.HttpServletRequest)]
2021-09-30 23:39:48,422 INFO org.springframework.scheduling.concurrent.ExecutorConfigurationSupport [main] Initializing ExecutorService 'applicationTaskExecutor'
2021-09-30 23:39:48,689 INFO springfox.documentation.spring.web.plugins.DocumentationPluginsBootstrapper [main] Context refreshed
2021-09-30 23:39:48,714 INFO springfox.documentation.spring.web.plugins.DocumentationPluginsBootstrapper [main] Found 1 custom documentation plugin(s)
2021-09-30 23:39:48,759 INFO springfox.documentation.spring.web.scanners.ApiListingReferenceScanner [main] Scanning for api listing references
2021-09-30 23:39:48,991 INFO org.springframework.boot.web.embedded.tomcat.TomcatWebServer [main] Tomcat started on port(s): 8080 (http) with context path ''
2021-09-30 23:39:48,995 INFO org.springframework.boot.StartupInfoLogger [main] Started AssignmentsApplication in 7.376 seconds (JVM running for 12.708)
2021-09-30 23:41:01,714 INFO org.springframework.scheduling.concurrent.ExecutorConfigurationSupport [Thread-4] Shutting down ExecutorService 'applicationTaskExecutor'
2021-09-30 23:41:01,718 INFO org.springframework.orm.jpa.AbstractEntityManagerFactoryBean [Thread-4] Closing JPA EntityManagerFactory for persistence unit 'default'
2021-09-30 23:41:01,718 INFO org.hibernate.tool.schema.internal.SchemaDropperImpl$DelayedDropActionImpl [Thread-4] HHH000477: Starting delayed evictData of schema as part of SessionFactory shut-down'
2021-09-30 23:41:01,728 INFO com.zaxxer.hikari.HikariDataSource [Thread-4] HikariPool-1 - Shutdown initiated...
2021-09-30 23:41:01,732 INFO com.zaxxer.hikari.HikariDataSource [Thread-4] HikariPool-1 - Shutdown completed.
2021-09-30 23:41:24,566 INFO org.springframework.boot.StartupInfoLogger [main] Starting AssignmentsApplication on DESKTOP-1N97S6V with PID 8552 (D:\Working\sav-assignments\target\classes started by Phu Duong in D:\Working\sav-assignments)
2021-09-30 23:41:24,570 INFO org.springframework.boot.SpringApplication [main] No active profile set, falling back to default profiles: default
2021-09-30 23:41:25,627 INFO org.springframework.data.repository.config.RepositoryConfigurationDelegate [main] Bootstrapping Spring Data repositories in DEFAULT mode.
2021-09-30 23:41:25,728 INFO org.springframework.data.repository.config.RepositoryConfigurationDelegate [main] Finished Spring Data repository scanning in 92ms. Found 1 repository interfaces.
2021-09-30 23:41:26,071 INFO org.springframework.context.support.PostProcessorRegistrationDelegate$BeanPostProcessorChecker [main] Bean 'org.springframework.transaction.annotation.ProxyTransactionManagementConfiguration' of type [org.springframework.transaction.annotation.ProxyTransactionManagementConfiguration$$EnhancerBySpringCGLIB$$cbaa479f] is not eligible for getting processed by all BeanPostProcessors (for example: not eligible for auto-proxying)
2021-09-30 23:41:26,113 INFO org.springframework.context.support.PostProcessorRegistrationDelegate$BeanPostProcessorChecker [main] Bean 'org.springframework.security.config.annotation.configuration.ObjectPostProcessorConfiguration' of type [org.springframework.security.config.annotation.configuration.ObjectPostProcessorConfiguration$$EnhancerBySpringCGLIB$$64580fd9] is not eligible for getting processed by all BeanPostProcessors (for example: not eligible for auto-proxying)
2021-09-30 23:41:26,119 INFO org.springframework.context.support.PostProcessorRegistrationDelegate$BeanPostProcessorChecker [main] Bean 'objectPostProcessor' of type [org.springframework.security.config.annotation.configuration.AutowireBeanFactoryObjectPostProcessor] is not eligible for getting processed by all BeanPostProcessors (for example: not eligible for auto-proxying)
2021-09-30 23:41:26,122 INFO org.springframework.context.support.PostProcessorRegistrationDelegate$BeanPostProcessorChecker [main] Bean 'org.springframework.security.access.expression.method.DefaultMethodSecurityExpressionHandler@399ca607' of type [org.springframework.security.access.expression.method.DefaultMethodSecurityExpressionHandler] is not eligible for getting processed by all BeanPostProcessors (for example: not eligible for auto-proxying)
2021-09-30 23:41:26,127 INFO org.springframework.context.support.PostProcessorRegistrationDelegate$BeanPostProcessorChecker [main] Bean 'org.springframework.security.config.annotation.method.configuration.GlobalMethodSecurityConfiguration' of type [org.springframework.security.config.annotation.method.configuration.GlobalMethodSecurityConfiguration$$EnhancerBySpringCGLIB$$892cb28b] is not eligible for getting processed by all BeanPostProcessors (for example: not eligible for auto-proxying)
2021-09-30 23:41:26,132 INFO org.springframework.context.support.PostProcessorRegistrationDelegate$BeanPostProcessorChecker [main] Bean 'methodSecurityMetadataSource' of type [org.springframework.security.access.method.DelegatingMethodSecurityMetadataSource] is not eligible for getting processed by all BeanPostProcessors (for example: not eligible for auto-proxying)
2021-09-30 23:41:26,508 INFO org.springframework.boot.web.embedded.tomcat.TomcatWebServer [main] Tomcat initialized with port(s): 8080 (http)
2021-09-30 23:41:26,531 INFO org.apache.juli.logging.DirectJDKLog [main] Starting service [Tomcat]
2021-09-30 23:41:26,532 INFO org.apache.juli.logging.DirectJDKLog [main] Starting Servlet engine: [Apache Tomcat/9.0.16]
2021-09-30 23:41:26,540 INFO org.apache.juli.logging.DirectJDKLog [main] The APR based Apache Tomcat Native library which allows optimal performance in production environments was not found on the java.library.path: [C:\Program Files\Java\jdk1.8.0_201\bin;C:\WINDOWS\Sun\Java\bin;C:\WINDOWS\system32;C:\WINDOWS;C:\Program Files\JetBrains\IntelliJ IDEA 2019.1.4\jre64\\bin;C:\Program Files\JetBrains\IntelliJ IDEA 2019.1.4\jre64\\bin\server;C:\Program Files (x86)\Common Files\Oracle\Java\javapath;C:\WINDOWS\system32;C:\WINDOWS;C:\WINDOWS\System32\Wbem;C:\WINDOWS\System32\WindowsPowerShell\v1.0\;C:\WINDOWS\System32\OpenSSH\;C:\Program Files\Git\cmd;C:\ProgramData\chocolatey\bin;C:\Program Files\nodejs\;C:\Program Files\TortoiseSVN\bin;C:\gradle-6.3\bin;;C:\Program Files\Docker\Docker\resources\bin;C:\ProgramData\DockerDesktop\version-bin;C:\Users\Phu Duong\AppData\Local\Programs\Python\Python37-32\Scripts\;C:\Users\Phu Duong\AppData\Local\Programs\Python\Python37-32\;C:\Users\Phu Duong\AppData\Local\Microsoft\WindowsApps;C:\Users\Phu Duong\AppData\Local\Programs\Microsoft VS Code\bin;C:\Users\Phu Duong\AppData\Roaming\npm;C:\apache-maven-3.6.3\bin;C:\Program Files\Java\jdk-11.0.2\bin;;.]
2021-09-30 23:41:26,718 INFO org.apache.juli.logging.DirectJDKLog [main] Initializing Spring embedded WebApplicationContext
2021-09-30 23:41:26,718 INFO org.springframework.boot.web.servlet.context.ServletWebServerApplicationContext [main] Root WebApplicationContext: initialization completed in 2054 ms
2021-09-30 23:41:27,105 INFO com.zaxxer.hikari.HikariDataSource [main] HikariPool-1 - Starting...
2021-09-30 23:41:27,207 INFO com.zaxxer.hikari.HikariDataSource [main] HikariPool-1 - Start completed.
2021-09-30 23:41:27,260 INFO org.hibernate.jpa.internal.util.LogHelper [main] HHH000204: Processing PersistenceUnitInfo [
	name: default
	...]
2021-09-30 23:41:27,334 INFO org.hibernate.Version [main] HHH000412: Hibernate Core {5.3.7.Final}
2021-09-30 23:41:27,336 INFO org.hibernate.cfg.Environment [main] HHH000206: hibernate.properties not found
2021-09-30 23:41:27,534 INFO org.hibernate.annotations.common.reflection.java.JavaReflectionManager [main] HCANN000001: Hibernate Commons Annotations {5.0.4.Final}
2021-09-30 23:41:27,717 INFO org.hibernate.dialect.Dialect [main] HHH000400: Using dialect: org.hibernate.dialect.H2Dialect
2021-09-30 23:41:28,453 INFO org.hibernate.tool.schema.internal.SchemaCreatorImpl [main] HHH000476: Executing import script 'org.hibernate.tool.schema.internal.exec.ScriptSourceInputNonExistentImpl@795eddda'
2021-09-30 23:41:28,458 INFO org.springframework.orm.jpa.AbstractEntityManagerFactoryBean [main] Initialized JPA EntityManagerFactory for persistence unit 'default'
2021-09-30 23:41:29,344 WARN org.springframework.boot.autoconfigure.orm.jpa.JpaBaseConfiguration$JpaWebConfiguration$JpaWebMvcConfiguration [main] spring.jpa.open-in-view is enabled by default. Therefore, database queries may be performed during view rendering. Explicitly configure spring.jpa.open-in-view to disable this warning
2021-09-30 23:41:29,639 INFO org.springframework.security.web.DefaultSecurityFilterChain [main] Creating filter chain: any request, [org.springframework.security.web.context.request.async.WebAsyncManagerIntegrationFilter@40fd1a78, org.springframework.security.web.context.SecurityContextPersistenceFilter@1885905b, org.springframework.security.web.header.HeaderWriterFilter@37b1218, org.springframework.security.web.authentication.logout.LogoutFilter@453e1bba, com.sav.assignments.security.TokenRequestFilter@4bab804f, org.springframework.security.web.savedrequest.RequestCacheAwareFilter@46507dda, org.springframework.security.web.servletapi.SecurityContextHolderAwareRequestFilter@2f8ab988, org.springframework.security.web.authentication.AnonymousAuthenticationFilter@53b7f08, org.springframework.security.web.session.SessionManagementFilter@386f88b3, org.springframework.security.web.access.ExceptionTranslationFilter@7ab3f194, org.springframework.security.web.access.intercept.FilterSecurityInterceptor@122ea8dc]
2021-09-30 23:41:29,670 INFO springfox.documentation.spring.web.PropertySourcedRequestMappingHandlerMapping [main] Mapped URL path [/v2/api-docs] onto method [public org.springframework.http.ResponseEntity<springfox.documentation.spring.web.json.Json> springfox.documentation.swagger2.web.Swagger2Controller.getDocumentation(java.lang.String,javax.servlet.http.HttpServletRequest)]
2021-09-30 23:41:29,917 INFO org.springframework.scheduling.concurrent.ExecutorConfigurationSupport [main] Initializing ExecutorService 'applicationTaskExecutor'
2021-09-30 23:41:30,133 INFO springfox.documentation.spring.web.plugins.DocumentationPluginsBootstrapper [main] Context refreshed
2021-09-30 23:41:30,148 INFO springfox.documentation.spring.web.plugins.DocumentationPluginsBootstrapper [main] Found 1 custom documentation plugin(s)
2021-09-30 23:41:30,208 INFO springfox.documentation.spring.web.scanners.ApiListingReferenceScanner [main] Scanning for api listing references
2021-09-30 23:41:30,592 INFO org.springframework.boot.web.embedded.tomcat.TomcatWebServer [main] Tomcat started on port(s): 8080 (http) with context path ''
2021-09-30 23:41:30,594 INFO org.springframework.boot.StartupInfoLogger [main] Started AssignmentsApplication in 6.654 seconds (JVM running for 9.563)
2021-09-30 23:42:15,371 INFO org.apache.juli.logging.DirectJDKLog [http-nio-8080-exec-2] Initializing Spring DispatcherServlet 'dispatcherServlet'
2021-09-30 23:42:15,371 INFO org.springframework.web.servlet.FrameworkServlet [http-nio-8080-exec-2] Initializing Servlet 'dispatcherServlet'
2021-09-30 23:42:15,382 INFO org.springframework.web.servlet.FrameworkServlet [http-nio-8080-exec-2] Completed initialization in 11 ms
2021-09-30 23:42:15,407 WARN com.sav.assignments.security.TokenRequestFilter [http-nio-8080-exec-2] JWT Token does not begin with Bearer String
2021-09-30 23:42:15,693 WARN com.sav.assignments.security.TokenRequestFilter [http-nio-8080-exec-1] JWT Token does not begin with Bearer String
2021-09-30 23:42:38,411 WARN com.sav.assignments.security.TokenRequestFilter [http-nio-8080-exec-6] JWT Token does not begin with Bearer String
2021-09-30 23:42:41,058 INFO org.hibernate.hql.internal.QueryTranslatorFactoryInitiator [http-nio-8080-exec-6] HHH000397: Using ASTQueryTranslatorFactory
2021-09-30 23:42:45,941 WARN org.hibernate.engine.jdbc.spi.SqlExceptionHelper [http-nio-8080-exec-6] SQL Error: 23502, SQLState: 23502
2021-09-30 23:42:45,942 ERROR org.hibernate.engine.jdbc.spi.SqlExceptionHelper [http-nio-8080-exec-6] NULL not allowed for column "USER_NAME"; SQL statement:
insert into app_user (id, email, first_name, last_name, password, user_name) values (null, ?, ?, ?, ?, ?) [23502-197]
2021-09-30 23:43:25,039 WARN com.sav.assignments.security.TokenRequestFilter [http-nio-8080-exec-5] JWT Token does not begin with Bearer String
2021-09-30 23:43:27,388 WARN org.hibernate.engine.jdbc.spi.SqlExceptionHelper [http-nio-8080-exec-5] SQL Error: 23502, SQLState: 23502
2021-09-30 23:43:27,388 ERROR org.hibernate.engine.jdbc.spi.SqlExceptionHelper [http-nio-8080-exec-5] NULL not allowed for column "USER_NAME"; SQL statement:
insert into app_user (id, email, first_name, last_name, password, user_name) values (null, ?, ?, ?, ?, ?) [23502-197]
2021-09-30 23:44:15,089 WARN com.sav.assignments.security.TokenRequestFilter [http-nio-8080-exec-8] JWT Token does not begin with Bearer String
2021-09-30 23:44:33,900 WARN org.hibernate.engine.jdbc.spi.SqlExceptionHelper [http-nio-8080-exec-8] SQL Error: 23502, SQLState: 23502
2021-09-30 23:44:33,901 ERROR org.hibernate.engine.jdbc.spi.SqlExceptionHelper [http-nio-8080-exec-8] NULL not allowed for column "USER_NAME"; SQL statement:
insert into app_user (id, email, first_name, last_name, password, user_name) values (null, ?, ?, ?, ?, ?) [23502-197]
2021-09-30 23:44:39,541 INFO org.springframework.scheduling.concurrent.ExecutorConfigurationSupport [Thread-17] Shutting down ExecutorService 'applicationTaskExecutor'
2021-09-30 23:44:39,545 INFO org.springframework.orm.jpa.AbstractEntityManagerFactoryBean [Thread-17] Closing JPA EntityManagerFactory for persistence unit 'default'
2021-09-30 23:44:39,545 INFO org.hibernate.tool.schema.internal.SchemaDropperImpl$DelayedDropActionImpl [Thread-17] HHH000477: Starting delayed evictData of schema as part of SessionFactory shut-down'
2021-09-30 23:44:39,547 WARN org.hibernate.engine.jdbc.spi.SqlExceptionHelper [Thread-17] SQL Error: 90121, SQLState: 90121
2021-09-30 23:44:39,547 ERROR org.hibernate.engine.jdbc.spi.SqlExceptionHelper [Thread-17] Database is already closed (to disable automatic closing at VM shutdown, add ";DB_CLOSE_ON_EXIT=FALSE" to the db URL) [90121-197]
2021-09-30 23:44:39,549 WARN org.hibernate.engine.jdbc.spi.SqlExceptionHelper [Thread-17] SQL Error: 90121, SQLState: 90121
2021-09-30 23:44:39,549 ERROR org.hibernate.engine.jdbc.spi.SqlExceptionHelper [Thread-17] Database is already closed (to disable automatic closing at VM shutdown, add ";DB_CLOSE_ON_EXIT=FALSE" to the db URL) [90121-197]
2021-09-30 23:44:39,549 INFO org.springframework.beans.factory.support.DisposableBeanAdapter [Thread-17] Invocation of destroy method failed on bean with name 'entityManagerFactory': org.hibernate.exception.GenericJDBCException: Unable to release JDBC Connection used for DDL execution
2021-09-30 23:44:39,550 INFO com.zaxxer.hikari.HikariDataSource [Thread-17] HikariPool-1 - Shutdown initiated...
2021-09-30 23:44:39,552 INFO com.zaxxer.hikari.HikariDataSource [Thread-17] HikariPool-1 - Shutdown completed.
2021-09-30 23:44:48,548 INFO org.springframework.boot.StartupInfoLogger [main] Starting AssignmentsApplication on DESKTOP-1N97S6V with PID 4300 (D:\Working\sav-assignments\target\classes started by Phu Duong in D:\Working\sav-assignments)
2021-09-30 23:44:48,593 INFO org.springframework.boot.SpringApplication [main] No active profile set, falling back to default profiles: default
2021-09-30 23:44:49,716 INFO org.springframework.data.repository.config.RepositoryConfigurationDelegate [main] Bootstrapping Spring Data repositories in DEFAULT mode.
2021-09-30 23:44:49,800 INFO org.springframework.data.repository.config.RepositoryConfigurationDelegate [main] Finished Spring Data repository scanning in 78ms. Found 1 repository interfaces.
2021-09-30 23:44:50,336 INFO org.springframework.context.support.PostProcessorRegistrationDelegate$BeanPostProcessorChecker [main] Bean 'org.springframework.transaction.annotation.ProxyTransactionManagementConfiguration' of type [org.springframework.transaction.annotation.ProxyTransactionManagementConfiguration$$EnhancerBySpringCGLIB$$173263e1] is not eligible for getting processed by all BeanPostProcessors (for example: not eligible for auto-proxying)
2021-09-30 23:44:50,401 INFO org.springframework.context.support.PostProcessorRegistrationDelegate$BeanPostProcessorChecker [main] Bean 'org.springframework.security.config.annotation.configuration.ObjectPostProcessorConfiguration' of type [org.springframework.security.config.annotation.configuration.ObjectPostProcessorConfiguration$$EnhancerBySpringCGLIB$$afe02c1b] is not eligible for getting processed by all BeanPostProcessors (for example: not eligible for auto-proxying)
2021-09-30 23:44:50,415 INFO org.springframework.context.support.PostProcessorRegistrationDelegate$BeanPostProcessorChecker [main] Bean 'objectPostProcessor' of type [org.springframework.security.config.annotation.configuration.AutowireBeanFactoryObjectPostProcessor] is not eligible for getting processed by all BeanPostProcessors (for example: not eligible for auto-proxying)
2021-09-30 23:44:50,420 INFO org.springframework.context.support.PostProcessorRegistrationDelegate$BeanPostProcessorChecker [main] Bean 'org.springframework.security.access.expression.method.DefaultMethodSecurityExpressionHandler@5b39a3e6' of type [org.springframework.security.access.expression.method.DefaultMethodSecurityExpressionHandler] is not eligible for getting processed by all BeanPostProcessors (for example: not eligible for auto-proxying)
2021-09-30 23:44:50,424 INFO org.springframework.context.support.PostProcessorRegistrationDelegate$BeanPostProcessorChecker [main] Bean 'org.springframework.security.config.annotation.method.configuration.GlobalMethodSecurityConfiguration' of type [org.springframework.security.config.annotation.method.configuration.GlobalMethodSecurityConfiguration$$EnhancerBySpringCGLIB$$d4b4cecd] is not eligible for getting processed by all BeanPostProcessors (for example: not eligible for auto-proxying)
2021-09-30 23:44:50,430 INFO org.springframework.context.support.PostProcessorRegistrationDelegate$BeanPostProcessorChecker [main] Bean 'methodSecurityMetadataSource' of type [org.springframework.security.access.method.DelegatingMethodSecurityMetadataSource] is not eligible for getting processed by all BeanPostProcessors (for example: not eligible for auto-proxying)
2021-09-30 23:44:50,874 INFO org.springframework.boot.web.embedded.tomcat.TomcatWebServer [main] Tomcat initialized with port(s): 8080 (http)
2021-09-30 23:44:50,898 INFO org.apache.juli.logging.DirectJDKLog [main] Starting service [Tomcat]
2021-09-30 23:44:50,900 INFO org.apache.juli.logging.DirectJDKLog [main] Starting Servlet engine: [Apache Tomcat/9.0.16]
2021-09-30 23:44:50,907 INFO org.apache.juli.logging.DirectJDKLog [main] The APR based Apache Tomcat Native library which allows optimal performance in production environments was not found on the java.library.path: [C:\Program Files\Java\jdk1.8.0_201\bin;C:\WINDOWS\Sun\Java\bin;C:\WINDOWS\system32;C:\WINDOWS;C:\Program Files\JetBrains\IntelliJ IDEA 2019.1.4\jre64\\bin;C:\Program Files\JetBrains\IntelliJ IDEA 2019.1.4\jre64\\bin\server;C:\Program Files (x86)\Common Files\Oracle\Java\javapath;C:\WINDOWS\system32;C:\WINDOWS;C:\WINDOWS\System32\Wbem;C:\WINDOWS\System32\WindowsPowerShell\v1.0\;C:\WINDOWS\System32\OpenSSH\;C:\Program Files\Git\cmd;C:\ProgramData\chocolatey\bin;C:\Program Files\nodejs\;C:\Program Files\TortoiseSVN\bin;C:\gradle-6.3\bin;;C:\Program Files\Docker\Docker\resources\bin;C:\ProgramData\DockerDesktop\version-bin;C:\Users\Phu Duong\AppData\Local\Programs\Python\Python37-32\Scripts\;C:\Users\Phu Duong\AppData\Local\Programs\Python\Python37-32\;C:\Users\Phu Duong\AppData\Local\Microsoft\WindowsApps;C:\Users\Phu Duong\AppData\Local\Programs\Microsoft VS Code\bin;C:\Users\Phu Duong\AppData\Roaming\npm;C:\apache-maven-3.6.3\bin;C:\Program Files\Java\jdk-11.0.2\bin;;.]
2021-09-30 23:44:51,074 INFO org.apache.juli.logging.DirectJDKLog [main] Initializing Spring embedded WebApplicationContext
2021-09-30 23:44:51,074 INFO org.springframework.boot.web.servlet.context.ServletWebServerApplicationContext [main] Root WebApplicationContext: initialization completed in 2436 ms
2021-09-30 23:44:51,321 INFO com.zaxxer.hikari.HikariDataSource [main] HikariPool-1 - Starting...
2021-09-30 23:44:51,494 INFO com.zaxxer.hikari.HikariDataSource [main] HikariPool-1 - Start completed.
2021-09-30 23:44:51,586 INFO org.hibernate.jpa.internal.util.LogHelper [main] HHH000204: Processing PersistenceUnitInfo [
	name: default
	...]
2021-09-30 23:44:51,666 INFO org.hibernate.Version [main] HHH000412: Hibernate Core {5.3.7.Final}
2021-09-30 23:44:51,668 INFO org.hibernate.cfg.Environment [main] HHH000206: hibernate.properties not found
2021-09-30 23:44:51,837 INFO org.hibernate.annotations.common.reflection.java.JavaReflectionManager [main] HCANN000001: Hibernate Commons Annotations {5.0.4.Final}
2021-09-30 23:44:52,010 INFO org.hibernate.dialect.Dialect [main] HHH000400: Using dialect: org.hibernate.dialect.H2Dialect
2021-09-30 23:44:52,688 INFO org.hibernate.tool.schema.internal.SchemaCreatorImpl [main] HHH000476: Executing import script 'org.hibernate.tool.schema.internal.exec.ScriptSourceInputNonExistentImpl@204c5ddf'
2021-09-30 23:44:52,692 INFO org.springframework.orm.jpa.AbstractEntityManagerFactoryBean [main] Initialized JPA EntityManagerFactory for persistence unit 'default'
2021-09-30 23:44:53,594 WARN org.springframework.boot.autoconfigure.orm.jpa.JpaBaseConfiguration$JpaWebConfiguration$JpaWebMvcConfiguration [main] spring.jpa.open-in-view is enabled by default. Therefore, database queries may be performed during view rendering. Explicitly configure spring.jpa.open-in-view to disable this warning
2021-09-30 23:44:53,880 INFO org.springframework.security.web.DefaultSecurityFilterChain [main] Creating filter chain: any request, [org.springframework.security.web.context.request.async.WebAsyncManagerIntegrationFilter@38834000, org.springframework.security.web.context.SecurityContextPersistenceFilter@20a18cc9, org.springframework.security.web.header.HeaderWriterFilter@15651402, org.springframework.security.web.authentication.logout.LogoutFilter@632d1b1b, com.sav.assignments.security.TokenRequestFilter@6fe9c048, org.springframework.security.web.savedrequest.RequestCacheAwareFilter@1fcf73b9, org.springframework.security.web.servletapi.SecurityContextHolderAwareRequestFilter@1f235a0a, org.springframework.security.web.authentication.AnonymousAuthenticationFilter@5b72b13a, org.springframework.security.web.session.SessionManagementFilter@cae4952, org.springframework.security.web.access.ExceptionTranslationFilter@4a013b23, org.springframework.security.web.access.intercept.FilterSecurityInterceptor@3d6745ed]
2021-09-30 23:44:53,925 INFO springfox.documentation.spring.web.PropertySourcedRequestMappingHandlerMapping [main] Mapped URL path [/v2/api-docs] onto method [public org.springframework.http.ResponseEntity<springfox.documentation.spring.web.json.Json> springfox.documentation.swagger2.web.Swagger2Controller.getDocumentation(java.lang.String,javax.servlet.http.HttpServletRequest)]
2021-09-30 23:44:54,160 INFO org.springframework.scheduling.concurrent.ExecutorConfigurationSupport [main] Initializing ExecutorService 'applicationTaskExecutor'
2021-09-30 23:44:54,396 INFO springfox.documentation.spring.web.plugins.DocumentationPluginsBootstrapper [main] Context refreshed
2021-09-30 23:44:54,411 INFO springfox.documentation.spring.web.plugins.DocumentationPluginsBootstrapper [main] Found 1 custom documentation plugin(s)
2021-09-30 23:44:54,453 INFO springfox.documentation.spring.web.scanners.ApiListingReferenceScanner [main] Scanning for api listing references
2021-09-30 23:44:54,868 INFO org.springframework.boot.web.embedded.tomcat.TomcatWebServer [main] Tomcat started on port(s): 8080 (http) with context path ''
2021-09-30 23:44:54,871 INFO org.springframework.boot.StartupInfoLogger [main] Started AssignmentsApplication in 7.371 seconds (JVM running for 8.672)
2021-09-30 23:45:01,313 INFO org.apache.juli.logging.DirectJDKLog [http-nio-8080-exec-1] Initializing Spring DispatcherServlet 'dispatcherServlet'
2021-09-30 23:45:01,313 INFO org.springframework.web.servlet.FrameworkServlet [http-nio-8080-exec-1] Initializing Servlet 'dispatcherServlet'
2021-09-30 23:45:01,322 INFO org.springframework.web.servlet.FrameworkServlet [http-nio-8080-exec-1] Completed initialization in 8 ms
2021-09-30 23:45:01,357 WARN com.sav.assignments.security.TokenRequestFilter [http-nio-8080-exec-1] JWT Token does not begin with Bearer String
2021-09-30 23:45:01,508 WARN com.sav.assignments.security.TokenRequestFilter [http-nio-8080-exec-2] JWT Token does not begin with Bearer String
2021-09-30 23:45:25,912 WARN com.sav.assignments.security.TokenRequestFilter [http-nio-8080-exec-5] JWT Token does not begin with Bearer String
2021-09-30 23:45:27,553 INFO org.hibernate.hql.internal.QueryTranslatorFactoryInitiator [http-nio-8080-exec-5] HHH000397: Using ASTQueryTranslatorFactory
2021-09-30 23:46:46,933 WARN com.sav.assignments.security.TokenRequestFilter [http-nio-8080-exec-7] JWT Token does not begin with Bearer String
2021-09-30 23:46:57,492 WARN com.sav.assignments.security.TokenRequestFilter [http-nio-8080-exec-8] JWT Token does not begin with Bearer String
2021-09-30 23:50:31,063 INFO org.springframework.scheduling.concurrent.ExecutorConfigurationSupport [Thread-17] Shutting down ExecutorService 'applicationTaskExecutor'
2021-09-30 23:50:31,067 INFO org.springframework.orm.jpa.AbstractEntityManagerFactoryBean [Thread-17] Closing JPA EntityManagerFactory for persistence unit 'default'
2021-09-30 23:50:31,067 INFO org.hibernate.tool.schema.internal.SchemaDropperImpl$DelayedDropActionImpl [Thread-17] HHH000477: Starting delayed evictData of schema as part of SessionFactory shut-down'
2021-09-30 23:50:31,080 INFO com.zaxxer.hikari.HikariDataSource [Thread-17] HikariPool-1 - Shutdown initiated...
2021-09-30 23:50:31,085 INFO com.zaxxer.hikari.HikariDataSource [Thread-17] HikariPool-1 - Shutdown completed.
2021-09-30 23:54:07,209 INFO org.springframework.boot.StartupInfoLogger [main] Starting AssignmentsApplication on DESKTOP-1N97S6V with PID 14852 (D:\Working\sav-assignments\target\classes started by Phu Duong in D:\Working\sav-assignments)
2021-09-30 23:54:07,216 INFO org.springframework.boot.SpringApplication [main] No active profile set, falling back to default profiles: default
2021-09-30 23:54:09,031 INFO org.springframework.data.repository.config.RepositoryConfigurationDelegate [main] Bootstrapping Spring Data repositories in DEFAULT mode.
2021-09-30 23:54:09,127 INFO org.springframework.data.repository.config.RepositoryConfigurationDelegate [main] Finished Spring Data repository scanning in 88ms. Found 1 repository interfaces.
2021-09-30 23:54:09,569 INFO org.springframework.context.support.PostProcessorRegistrationDelegate$BeanPostProcessorChecker [main] Bean 'org.springframework.transaction.annotation.ProxyTransactionManagementConfiguration' of type [org.springframework.transaction.annotation.ProxyTransactionManagementConfiguration$$EnhancerBySpringCGLIB$$9e586e4c] is not eligible for getting processed by all BeanPostProcessors (for example: not eligible for auto-proxying)
2021-09-30 23:54:09,639 INFO org.springframework.context.support.PostProcessorRegistrationDelegate$BeanPostProcessorChecker [main] Bean 'org.springframework.security.config.annotation.configuration.ObjectPostProcessorConfiguration' of type [org.springframework.security.config.annotation.configuration.ObjectPostProcessorConfiguration$$EnhancerBySpringCGLIB$$37063686] is not eligible for getting processed by all BeanPostProcessors (for example: not eligible for auto-proxying)
2021-09-30 23:54:09,645 INFO org.springframework.context.support.PostProcessorRegistrationDelegate$BeanPostProcessorChecker [main] Bean 'objectPostProcessor' of type [org.springframework.security.config.annotation.configuration.AutowireBeanFactoryObjectPostProcessor] is not eligible for getting processed by all BeanPostProcessors (for example: not eligible for auto-proxying)
2021-09-30 23:54:09,648 INFO org.springframework.context.support.PostProcessorRegistrationDelegate$BeanPostProcessorChecker [main] Bean 'org.springframework.security.access.expression.method.DefaultMethodSecurityExpressionHandler@14924f41' of type [org.springframework.security.access.expression.method.DefaultMethodSecurityExpressionHandler] is not eligible for getting processed by all BeanPostProcessors (for example: not eligible for auto-proxying)
2021-09-30 23:54:09,652 INFO org.springframework.context.support.PostProcessorRegistrationDelegate$BeanPostProcessorChecker [main] Bean 'org.springframework.security.config.annotation.method.configuration.GlobalMethodSecurityConfiguration' of type [org.springframework.security.config.annotation.method.configuration.GlobalMethodSecurityConfiguration$$EnhancerBySpringCGLIB$$5bdad938] is not eligible for getting processed by all BeanPostProcessors (for example: not eligible for auto-proxying)
2021-09-30 23:54:09,656 INFO org.springframework.context.support.PostProcessorRegistrationDelegate$BeanPostProcessorChecker [main] Bean 'methodSecurityMetadataSource' of type [org.springframework.security.access.method.DelegatingMethodSecurityMetadataSource] is not eligible for getting processed by all BeanPostProcessors (for example: not eligible for auto-proxying)
2021-09-30 23:54:10,067 INFO org.springframework.boot.web.embedded.tomcat.TomcatWebServer [main] Tomcat initialized with port(s): 8080 (http)
2021-09-30 23:54:10,117 INFO org.apache.juli.logging.DirectJDKLog [main] Starting service [Tomcat]
2021-09-30 23:54:10,118 INFO org.apache.juli.logging.DirectJDKLog [main] Starting Servlet engine: [Apache Tomcat/9.0.16]
2021-09-30 23:54:10,127 INFO org.apache.juli.logging.DirectJDKLog [main] The APR based Apache Tomcat Native library which allows optimal performance in production environments was not found on the java.library.path: [C:\Program Files\Java\jdk1.8.0_201\bin;C:\WINDOWS\Sun\Java\bin;C:\WINDOWS\system32;C:\WINDOWS;C:\Program Files\JetBrains\IntelliJ IDEA 2019.1.4\jre64\\bin;C:\Program Files\JetBrains\IntelliJ IDEA 2019.1.4\jre64\\bin\server;C:\Program Files (x86)\Common Files\Oracle\Java\javapath;C:\WINDOWS\system32;C:\WINDOWS;C:\WINDOWS\System32\Wbem;C:\WINDOWS\System32\WindowsPowerShell\v1.0\;C:\WINDOWS\System32\OpenSSH\;C:\Program Files\Git\cmd;C:\ProgramData\chocolatey\bin;C:\Program Files\nodejs\;C:\Program Files\TortoiseSVN\bin;C:\gradle-6.3\bin;;C:\Program Files\Docker\Docker\resources\bin;C:\ProgramData\DockerDesktop\version-bin;C:\Users\Phu Duong\AppData\Local\Programs\Python\Python37-32\Scripts\;C:\Users\Phu Duong\AppData\Local\Programs\Python\Python37-32\;C:\Users\Phu Duong\AppData\Local\Microsoft\WindowsApps;C:\Users\Phu Duong\AppData\Local\Programs\Microsoft VS Code\bin;C:\Users\Phu Duong\AppData\Roaming\npm;C:\apache-maven-3.6.3\bin;C:\Program Files\Java\jdk-11.0.2\bin;;.]
2021-09-30 23:54:10,290 INFO org.apache.juli.logging.DirectJDKLog [main] Initializing Spring embedded WebApplicationContext
2021-09-30 23:54:10,291 INFO org.springframework.boot.web.servlet.context.ServletWebServerApplicationContext [main] Root WebApplicationContext: initialization completed in 2750 ms
2021-09-30 23:54:10,543 INFO com.zaxxer.hikari.HikariDataSource [main] HikariPool-1 - Starting...
2021-09-30 23:54:10,751 INFO com.zaxxer.hikari.HikariDataSource [main] HikariPool-1 - Start completed.
2021-09-30 23:54:10,817 INFO org.hibernate.jpa.internal.util.LogHelper [main] HHH000204: Processing PersistenceUnitInfo [
	name: default
	...]
2021-09-30 23:54:10,927 INFO org.hibernate.Version [main] HHH000412: Hibernate Core {5.3.7.Final}
2021-09-30 23:54:10,929 INFO org.hibernate.cfg.Environment [main] HHH000206: hibernate.properties not found
2021-09-30 23:54:11,159 INFO org.hibernate.annotations.common.reflection.java.JavaReflectionManager [main] HCANN000001: Hibernate Commons Annotations {5.0.4.Final}
2021-09-30 23:54:11,383 INFO org.hibernate.dialect.Dialect [main] HHH000400: Using dialect: org.hibernate.dialect.H2Dialect
2021-09-30 23:54:12,230 INFO org.hibernate.tool.schema.internal.SchemaCreatorImpl [main] HHH000476: Executing import script 'org.hibernate.tool.schema.internal.exec.ScriptSourceInputNonExistentImpl@3d7314b3'
2021-09-30 23:54:12,235 INFO org.springframework.orm.jpa.AbstractEntityManagerFactoryBean [main] Initialized JPA EntityManagerFactory for persistence unit 'default'
2021-09-30 23:54:13,213 WARN org.springframework.boot.autoconfigure.orm.jpa.JpaBaseConfiguration$JpaWebConfiguration$JpaWebMvcConfiguration [main] spring.jpa.open-in-view is enabled by default. Therefore, database queries may be performed during view rendering. Explicitly configure spring.jpa.open-in-view to disable this warning
2021-09-30 23:54:13,547 INFO org.springframework.security.web.DefaultSecurityFilterChain [main] Creating filter chain: any request, [org.springframework.security.web.context.request.async.WebAsyncManagerIntegrationFilter@3aa8c337, org.springframework.security.web.context.SecurityContextPersistenceFilter@71891d6b, org.springframework.security.web.header.HeaderWriterFilter@34ea86ff, org.springframework.security.web.authentication.logout.LogoutFilter@af007d6, com.sav.assignments.security.TokenRequestFilter@2f2dc407, org.springframework.security.web.savedrequest.RequestCacheAwareFilter@56820446, org.springframework.security.web.servletapi.SecurityContextHolderAwareRequestFilter@435a2c7d, org.springframework.security.web.authentication.AnonymousAuthenticationFilter@78e7b83, org.springframework.security.web.session.SessionManagementFilter@634d3439, org.springframework.security.web.access.ExceptionTranslationFilter@772bc4c9, org.springframework.security.web.access.intercept.FilterSecurityInterceptor@2a9ea03f]
2021-09-30 23:54:13,581 INFO springfox.documentation.spring.web.PropertySourcedRequestMappingHandlerMapping [main] Mapped URL path [/v2/api-docs] onto method [public org.springframework.http.ResponseEntity<springfox.documentation.spring.web.json.Json> springfox.documentation.swagger2.web.Swagger2Controller.getDocumentation(java.lang.String,javax.servlet.http.HttpServletRequest)]
2021-09-30 23:54:13,822 INFO org.springframework.scheduling.concurrent.ExecutorConfigurationSupport [main] Initializing ExecutorService 'applicationTaskExecutor'
2021-09-30 23:54:14,061 INFO springfox.documentation.spring.web.plugins.DocumentationPluginsBootstrapper [main] Context refreshed
2021-09-30 23:54:14,079 INFO springfox.documentation.spring.web.plugins.DocumentationPluginsBootstrapper [main] Found 1 custom documentation plugin(s)
2021-09-30 23:54:14,140 INFO springfox.documentation.spring.web.scanners.ApiListingReferenceScanner [main] Scanning for api listing references
2021-09-30 23:54:14,515 INFO org.springframework.boot.web.embedded.tomcat.TomcatWebServer [main] Tomcat started on port(s): 8080 (http) with context path ''
2021-09-30 23:54:14,517 INFO org.springframework.boot.StartupInfoLogger [main] Started AssignmentsApplication in 8.288 seconds (JVM running for 9.295)
2021-09-30 23:54:37,231 INFO org.apache.juli.logging.DirectJDKLog [http-nio-8080-exec-1] Initializing Spring DispatcherServlet 'dispatcherServlet'
2021-09-30 23:54:37,231 INFO org.springframework.web.servlet.FrameworkServlet [http-nio-8080-exec-1] Initializing Servlet 'dispatcherServlet'
2021-09-30 23:54:37,243 INFO org.springframework.web.servlet.FrameworkServlet [http-nio-8080-exec-1] Completed initialization in 12 ms
2021-09-30 23:54:37,264 WARN com.sav.assignments.security.TokenRequestFilter [http-nio-8080-exec-1] JWT Token does not begin with Bearer String
2021-09-30 23:54:39,383 INFO org.hibernate.hql.internal.QueryTranslatorFactoryInitiator [http-nio-8080-exec-1] HHH000397: Using ASTQueryTranslatorFactory
2021-09-30 23:55:02,225 WARN com.sav.assignments.security.TokenRequestFilter [http-nio-8080-exec-3] JWT Token does not begin with Bearer String
2021-09-30 23:55:36,722 WARN com.zaxxer.hikari.pool.HikariPool$HouseKeeper [HikariPool-1 housekeeper] HikariPool-1 - Thread starvation or clock leap detected (housekeeper delta=55s274ms336s500ns).
2021-09-30 23:55:36,917 INFO org.springframework.scheduling.concurrent.ExecutorConfigurationSupport [Thread-19] Shutting down ExecutorService 'applicationTaskExecutor'
2021-09-30 23:55:36,922 INFO org.springframework.orm.jpa.AbstractEntityManagerFactoryBean [Thread-19] Closing JPA EntityManagerFactory for persistence unit 'default'
2021-09-30 23:55:36,923 INFO org.hibernate.tool.schema.internal.SchemaDropperImpl$DelayedDropActionImpl [Thread-19] HHH000477: Starting delayed evictData of schema as part of SessionFactory shut-down'
2021-09-30 23:55:36,924 WARN org.hibernate.engine.jdbc.spi.SqlExceptionHelper [Thread-19] SQL Error: 90121, SQLState: 90121
2021-09-30 23:55:36,924 ERROR org.hibernate.engine.jdbc.spi.SqlExceptionHelper [Thread-19] Database is already closed (to disable automatic closing at VM shutdown, add ";DB_CLOSE_ON_EXIT=FALSE" to the db URL) [90121-197]
2021-09-30 23:55:36,929 WARN org.hibernate.engine.jdbc.spi.SqlExceptionHelper [Thread-19] SQL Error: 90121, SQLState: 90121
2021-09-30 23:55:36,929 ERROR org.hibernate.engine.jdbc.spi.SqlExceptionHelper [Thread-19] Database is already closed (to disable automatic closing at VM shutdown, add ";DB_CLOSE_ON_EXIT=FALSE" to the db URL) [90121-197]
2021-09-30 23:55:36,930 INFO org.springframework.beans.factory.support.DisposableBeanAdapter [Thread-19] Invocation of destroy method failed on bean with name 'entityManagerFactory': org.hibernate.exception.GenericJDBCException: Unable to release JDBC Connection used for DDL execution
2021-09-30 23:55:36,930 INFO com.zaxxer.hikari.HikariDataSource [Thread-19] HikariPool-1 - Shutdown initiated...
2021-09-30 23:55:36,933 INFO com.zaxxer.hikari.HikariDataSource [Thread-19] HikariPool-1 - Shutdown completed.
2021-09-30 23:56:01,011 INFO org.springframework.boot.StartupInfoLogger [main] Starting AssignmentsApplication on DESKTOP-1N97S6V with PID 16132 (D:\Working\sav-assignments\target\classes started by Phu Duong in D:\Working\sav-assignments)
2021-09-30 23:56:01,079 INFO org.springframework.boot.SpringApplication [main] No active profile set, falling back to default profiles: default
2021-09-30 23:56:02,356 INFO org.springframework.data.repository.config.RepositoryConfigurationDelegate [main] Bootstrapping Spring Data repositories in DEFAULT mode.
2021-09-30 23:56:02,418 INFO org.springframework.data.repository.config.RepositoryConfigurationDelegate [main] Finished Spring Data repository scanning in 56ms. Found 1 repository interfaces.
2021-09-30 23:56:02,789 INFO org.springframework.context.support.PostProcessorRegistrationDelegate$BeanPostProcessorChecker [main] Bean 'org.springframework.transaction.annotation.ProxyTransactionManagementConfiguration' of type [org.springframework.transaction.annotation.ProxyTransactionManagementConfiguration$$EnhancerBySpringCGLIB$$3e86b03e] is not eligible for getting processed by all BeanPostProcessors (for example: not eligible for auto-proxying)
2021-09-30 23:56:02,864 INFO org.springframework.context.support.PostProcessorRegistrationDelegate$BeanPostProcessorChecker [main] Bean 'org.springframework.security.config.annotation.configuration.ObjectPostProcessorConfiguration' of type [org.springframework.security.config.annotation.configuration.ObjectPostProcessorConfiguration$$EnhancerBySpringCGLIB$$d7347878] is not eligible for getting processed by all BeanPostProcessors (for example: not eligible for auto-proxying)
2021-09-30 23:56:02,869 INFO org.springframework.context.support.PostProcessorRegistrationDelegate$BeanPostProcessorChecker [main] Bean 'objectPostProcessor' of type [org.springframework.security.config.annotation.configuration.AutowireBeanFactoryObjectPostProcessor] is not eligible for getting processed by all BeanPostProcessors (for example: not eligible for auto-proxying)
2021-09-30 23:56:02,871 INFO org.springframework.context.support.PostProcessorRegistrationDelegate$BeanPostProcessorChecker [main] Bean 'org.springframework.security.access.expression.method.DefaultMethodSecurityExpressionHandler@71cea1b8' of type [org.springframework.security.access.expression.method.DefaultMethodSecurityExpressionHandler] is not eligible for getting processed by all BeanPostProcessors (for example: not eligible for auto-proxying)
2021-09-30 23:56:02,875 INFO org.springframework.context.support.PostProcessorRegistrationDelegate$BeanPostProcessorChecker [main] Bean 'org.springframework.security.config.annotation.method.configuration.GlobalMethodSecurityConfiguration' of type [org.springframework.security.config.annotation.method.configuration.GlobalMethodSecurityConfiguration$$EnhancerBySpringCGLIB$$fc091b2a] is not eligible for getting processed by all BeanPostProcessors (for example: not eligible for auto-proxying)
2021-09-30 23:56:02,879 INFO org.springframework.context.support.PostProcessorRegistrationDelegate$BeanPostProcessorChecker [main] Bean 'methodSecurityMetadataSource' of type [org.springframework.security.access.method.DelegatingMethodSecurityMetadataSource] is not eligible for getting processed by all BeanPostProcessors (for example: not eligible for auto-proxying)
2021-09-30 23:56:03,268 INFO org.springframework.boot.web.embedded.tomcat.TomcatWebServer [main] Tomcat initialized with port(s): 8080 (http)
2021-09-30 23:56:03,313 INFO org.apache.juli.logging.DirectJDKLog [main] Starting service [Tomcat]
2021-09-30 23:56:03,314 INFO org.apache.juli.logging.DirectJDKLog [main] Starting Servlet engine: [Apache Tomcat/9.0.16]
2021-09-30 23:56:03,340 INFO org.apache.juli.logging.DirectJDKLog [main] The APR based Apache Tomcat Native library which allows optimal performance in production environments was not found on the java.library.path: [C:\Program Files\Java\jdk1.8.0_201\bin;C:\WINDOWS\Sun\Java\bin;C:\WINDOWS\system32;C:\WINDOWS;C:\Program Files\JetBrains\IntelliJ IDEA 2019.1.4\jre64\\bin;C:\Program Files\JetBrains\IntelliJ IDEA 2019.1.4\jre64\\bin\server;C:\Program Files (x86)\Common Files\Oracle\Java\javapath;C:\WINDOWS\system32;C:\WINDOWS;C:\WINDOWS\System32\Wbem;C:\WINDOWS\System32\WindowsPowerShell\v1.0\;C:\WINDOWS\System32\OpenSSH\;C:\Program Files\Git\cmd;C:\ProgramData\chocolatey\bin;C:\Program Files\nodejs\;C:\Program Files\TortoiseSVN\bin;C:\gradle-6.3\bin;;C:\Program Files\Docker\Docker\resources\bin;C:\ProgramData\DockerDesktop\version-bin;C:\Users\Phu Duong\AppData\Local\Programs\Python\Python37-32\Scripts\;C:\Users\Phu Duong\AppData\Local\Programs\Python\Python37-32\;C:\Users\Phu Duong\AppData\Local\Microsoft\WindowsApps;C:\Users\Phu Duong\AppData\Local\Programs\Microsoft VS Code\bin;C:\Users\Phu Duong\AppData\Roaming\npm;C:\apache-maven-3.6.3\bin;C:\Program Files\Java\jdk-11.0.2\bin;;.]
2021-09-30 23:56:03,579 INFO org.apache.juli.logging.DirectJDKLog [main] Initializing Spring embedded WebApplicationContext
2021-09-30 23:56:03,581 INFO org.springframework.boot.web.servlet.context.ServletWebServerApplicationContext [main] Root WebApplicationContext: initialization completed in 2442 ms
2021-09-30 23:56:03,901 INFO com.zaxxer.hikari.HikariDataSource [main] HikariPool-1 - Starting...
2021-09-30 23:56:03,986 INFO com.zaxxer.hikari.HikariDataSource [main] HikariPool-1 - Start completed.
2021-09-30 23:56:04,042 INFO org.hibernate.jpa.internal.util.LogHelper [main] HHH000204: Processing PersistenceUnitInfo [
	name: default
	...]
2021-09-30 23:56:04,146 INFO org.hibernate.Version [main] HHH000412: Hibernate Core {5.3.7.Final}
2021-09-30 23:56:04,149 INFO org.hibernate.cfg.Environment [main] HHH000206: hibernate.properties not found
2021-09-30 23:56:04,337 INFO org.hibernate.annotations.common.reflection.java.JavaReflectionManager [main] HCANN000001: Hibernate Commons Annotations {5.0.4.Final}
2021-09-30 23:56:04,675 INFO org.hibernate.dialect.Dialect [main] HHH000400: Using dialect: org.hibernate.dialect.H2Dialect
2021-09-30 23:56:05,477 INFO org.hibernate.tool.schema.internal.SchemaCreatorImpl [main] HHH000476: Executing import script 'org.hibernate.tool.schema.internal.exec.ScriptSourceInputNonExistentImpl@20be793a'
2021-09-30 23:56:05,481 INFO org.springframework.orm.jpa.AbstractEntityManagerFactoryBean [main] Initialized JPA EntityManagerFactory for persistence unit 'default'
2021-09-30 23:56:06,898 WARN org.springframework.boot.autoconfigure.orm.jpa.JpaBaseConfiguration$JpaWebConfiguration$JpaWebMvcConfiguration [main] spring.jpa.open-in-view is enabled by default. Therefore, database queries may be performed during view rendering. Explicitly configure spring.jpa.open-in-view to disable this warning
2021-09-30 23:56:07,248 INFO org.springframework.security.web.DefaultSecurityFilterChain [main] Creating filter chain: any request, [org.springframework.security.web.context.request.async.WebAsyncManagerIntegrationFilter@44e7c06b, org.springframework.security.web.context.SecurityContextPersistenceFilter@57ed8f95, org.springframework.security.web.header.HeaderWriterFilter@34d3409d, org.springframework.security.web.authentication.logout.LogoutFilter@31f9f9b3, com.sav.assignments.security.TokenRequestFilter@776a3365, org.springframework.security.web.savedrequest.RequestCacheAwareFilter@1be12e05, org.springframework.security.web.servletapi.SecurityContextHolderAwareRequestFilter@7a2fd94c, org.springframework.security.web.authentication.AnonymousAuthenticationFilter@24a807a9, org.springframework.security.web.session.SessionManagementFilter@1e033801, org.springframework.security.web.access.ExceptionTranslationFilter@7c4a5ef2, org.springframework.security.web.access.intercept.FilterSecurityInterceptor@2bb84aa5]
2021-09-30 23:56:07,295 INFO springfox.documentation.spring.web.PropertySourcedRequestMappingHandlerMapping [main] Mapped URL path [/v2/api-docs] onto method [public org.springframework.http.ResponseEntity<springfox.documentation.spring.web.json.Json> springfox.documentation.swagger2.web.Swagger2Controller.getDocumentation(java.lang.String,javax.servlet.http.HttpServletRequest)]
2021-09-30 23:56:07,577 INFO org.springframework.scheduling.concurrent.ExecutorConfigurationSupport [main] Initializing ExecutorService 'applicationTaskExecutor'
2021-09-30 23:56:07,838 INFO springfox.documentation.spring.web.plugins.DocumentationPluginsBootstrapper [main] Context refreshed
2021-09-30 23:56:07,854 INFO springfox.documentation.spring.web.plugins.DocumentationPluginsBootstrapper [main] Found 1 custom documentation plugin(s)
2021-09-30 23:56:07,902 INFO springfox.documentation.spring.web.scanners.ApiListingReferenceScanner [main] Scanning for api listing references
2021-09-30 23:56:08,320 INFO org.springframework.boot.web.embedded.tomcat.TomcatWebServer [main] Tomcat started on port(s): 8080 (http) with context path ''
2021-09-30 23:56:08,322 INFO org.springframework.boot.StartupInfoLogger [main] Started AssignmentsApplication in 8.333 seconds (JVM running for 9.258)
2021-09-30 23:58:14,961 INFO org.apache.juli.logging.DirectJDKLog [http-nio-8080-exec-1] Initializing Spring DispatcherServlet 'dispatcherServlet'
2021-09-30 23:58:14,962 INFO org.springframework.web.servlet.FrameworkServlet [http-nio-8080-exec-1] Initializing Servlet 'dispatcherServlet'
2021-09-30 23:58:14,971 INFO org.springframework.web.servlet.FrameworkServlet [http-nio-8080-exec-1] Completed initialization in 9 ms
2021-09-30 23:58:14,996 WARN com.sav.assignments.security.TokenRequestFilter [http-nio-8080-exec-1] JWT Token does not begin with Bearer String
2021-09-30 23:58:18,195 INFO org.hibernate.hql.internal.QueryTranslatorFactoryInitiator [http-nio-8080-exec-1] HHH000397: Using ASTQueryTranslatorFactory
2021-09-30 23:58:21,008 WARN com.sav.assignments.security.TokenRequestFilter [http-nio-8080-exec-2] JWT Token does not begin with Bearer String
2021-09-30 23:58:30,307 WARN com.sav.assignments.security.TokenRequestFilter [http-nio-8080-exec-3] JWT Token does not begin with Bearer String
2021-09-30 23:58:42,238 WARN com.sav.assignments.security.TokenRequestFilter [http-nio-8080-exec-4] JWT Token does not begin with Bearer String
